<!DOCTYPE html>
<!--
 | Generated by Apache Maven Doxia Site Renderer 1.11.1 at 2023-04-03

 | Rendered using Apache Maven Default Skin
-->
<html xmlns="http://www.w3.org/1999/xhtml" xml:lang="pl" lang="pl">
  <head>
    <meta charset="UTF-8" />
    <meta name="viewport" content="width=device-width, initial-scale=1.0" />
    <meta name="generator" content="Apache Maven Doxia Site Renderer 1.11.1" />
    <title>MetalShopTests &#x2013; Surefire Report</title>
    <link rel="stylesheet" href="./css/maven-base.css" />
    <link rel="stylesheet" href="./css/maven-theme.css" />
    <link rel="stylesheet" href="./css/site.css" />
    <link rel="stylesheet" href="./css/print.css" media="print" />
  </head>
  <body class="composite">
    <div id="banner">
      <div class="clear">
        <hr/>
      </div>
    </div>
    <div id="breadcrumbs">
      <div class="xleft">
        <span id="publishDate">Ostatnio opublikowano: 2023-04-03</span>
           | <span id="projectVersion">Version: 1.0-SNAPSHOT</span>
      </div>
      <div class="xright">      </div>
      <div class="clear">
        <hr/>
      </div>
    </div>
    <div id="leftColumn">
      <div id="navcolumn">
      <a href="http://maven.apache.org/" title="Skompilowane przez Maven" class="poweredBy">
        <img class="poweredBy" alt="Skompilowane przez Maven" src="./images/logos/maven-feather.png" />
      </a>
      </div>
    </div>
    <div id="bodyColumn">
      <div id="contentBox">
<script type="application/javascript">
//<![CDATA[
function toggleDisplay(elementId) {
 var elm = document.getElementById(elementId + '-error');
 if (elm == null) {
  elm = document.getElementById(elementId + '-failure');
 }
 if (elm && typeof elm.style != "undefined") {
  if (elm.style.display == "none") {
   elm.style.display = "";
   document.getElementById(elementId + '-off').style.display = "none";
   document.getElementById(elementId + '-on').style.display = "inline";
  } else if (elm.style.display == "") {   elm.style.display = "none";
   document.getElementById(elementId + '-off').style.display = "inline";
   document.getElementById(elementId + '-on').style.display = "none";
  } 
 } 
 }
//]]>
</script><section>
<h2><a name="Surefire_Report"></a>Surefire Report</h2></section><section><a id="Summary"></a>
<h2><a name="Summary"></a>Summary</h2>
<p>[<a href="#Summary">Summary</a>] [<a href="#Package_List">Package List</a>] [<a href="#Test_Cases">Test Cases</a>]</p><br />
<table border="0" class="bodyTable">
<tr class="a">
<th>Tests</th>
<th>Errors</th>
<th>Failures</th>
<th>Skipped</th>
<th>Success Rate</th>
<th>Time</th></tr>
<tr class="b">
<td align="left">9</td>
<td align="left">1</td>
<td align="left">0</td>
<td align="left">0</td>
<td align="left">88,889%</td>
<td align="left">39,61</td></tr></table><br />
<p>Note: failures are anticipated and checked for with assertions while errors are unanticipated.</p><br /></section><section><a id="Package_List"></a>
<h2><a name="Package_List"></a>Package List</h2>
<p>[<a href="#Summary">Summary</a>] [<a href="#Package_List">Package List</a>] [<a href="#Test_Cases">Test Cases</a>]</p><br />
<table border="0" class="bodyTable">
<tr class="a">
<th>Package</th>
<th>Tests</th>
<th>Errors</th>
<th>Failures</th>
<th>Skipped</th>
<th>Success Rate</th>
<th>Time</th></tr>
<tr class="b">
<td align="left"><a href="#selenium.test">selenium.test</a></td>
<td align="left">9</td>
<td align="left">1</td>
<td align="left">0</td>
<td align="left">0</td>
<td align="left">88,889%</td>
<td align="left">39,61</td></tr></table><br />
<p>Note: package statistics are not computed recursively, they only sum up all of its testsuites numbers.</p><section><a id="selenium.test"></a>
<h3><a name="selenium.test"></a>selenium.test</h3>
<table border="0" class="bodyTable">
<tr class="a">
<th></th>
<th>Class</th>
<th>Tests</th>
<th>Errors</th>
<th>Failures</th>
<th>Skipped</th>
<th>Success Rate</th>
<th>Time</th></tr>
<tr class="b">
<td align="left"><a href="#selenium.test.LoginTests"><img src="images/icon_error_sml.gif" alt="" /></a></td>
<td align="left"><a href="#selenium.test.LoginTests">LoginTests</a></td>
<td align="left">5</td>
<td align="left">1</td>
<td align="left">0</td>
<td align="left">0</td>
<td align="left">80%</td>
<td align="left">25,18</td></tr>
<tr class="a">
<td align="left"><a href="#selenium.test.RegistrationTests"><img src="images/icon_success_sml.gif" alt="" /></a></td>
<td align="left"><a href="#selenium.test.RegistrationTests">RegistrationTests</a></td>
<td align="left">4</td>
<td align="left">0</td>
<td align="left">0</td>
<td align="left">0</td>
<td align="left">100%</td>
<td align="left">14,43</td></tr></table></section><br /></section><section><a id="Test_Cases"></a>
<h2><a name="Test_Cases"></a>Test Cases</h2>
<p>[<a href="#Summary">Summary</a>] [<a href="#Package_List">Package List</a>] [<a href="#Test_Cases">Test Cases</a>]</p><section><a id="selenium.test.LoginTests"></a>
<h3><a name="LoginTests"></a>LoginTests</h3>
<table border="0" class="bodyTable">
<tr class="a">
<td align="left"><img src="images/icon_success_sml.gif" alt="" /></td>
<td align="left"><a id="TC_selenium.test.LoginTests.appear_username_required_message_when_only_password_given"></a>appear_username_required_message_when_only_password_given</td>
<td align="left">8,731</td></tr>
<tr class="b">
<td align="left"><a href="#selenium.test.LoginTests.appear_password_input_empty_message_when_only_username_given"><img src="images/icon_error_sml.gif" alt="" /></a></td>
<td align="left"><a id="TC_selenium.test.LoginTests.appear_password_input_empty_message_when_only_username_given"></a><a href="#selenium.test.LoginTests.appear_password_input_empty_message_when_only_username_given">appear_password_input_empty_message_when_only_username_given</a>
<div class="detailToggle" style="display:inline"><a href="javascript:toggleDisplay('selenium.test.LoginTests.appear_password_input_empty_message_when_only_username_given');"><span style="display:inline;" id="selenium.test.LoginTests.appear_password_input_empty_message_when_only_username_given-off"> + </span><span style="display:none;" id="selenium.test.LoginTests.appear_password_input_empty_message_when_only_username_given-on"> - </span>[ Detail ]</a></div></td>
<td align="left">2,326</td></tr>
<tr class="a">
<td align="left"></td>
<td align="left">Wrong method index</td>
<td align="left"></td></tr>
<tr class="b">
<td align="left"></td>
<td align="left">
<div id="selenium.test.LoginTests.appear_password_input_empty_message_when_only_username_given-error" style="display:none;">
<div>
<pre>java.lang.IllegalArgumentException: Wrong method index
	at selenium.pages.MyAccountPage.FillInputs(MyAccountPage.java:60)
	at selenium.test.LoginTests.appear_password_input_empty_message_when_only_username_given(LoginTests.java:63)
	at java.base/jdk.internal.reflect.DirectMethodHandleAccessor.invoke(DirectMethodHandleAccessor.java:104)
	at java.base/java.lang.reflect.Method.invoke(Method.java:578)
	at org.junit.platform.commons.util.ReflectionUtils.invokeMethod(ReflectionUtils.java:727)
	at org.junit.jupiter.engine.execution.MethodInvocation.proceed(MethodInvocation.java:60)
	at org.junit.jupiter.engine.execution.InvocationInterceptorChain$ValidatingInvocation.proceed(InvocationInterceptorChain.java:131)
	at org.junit.jupiter.engine.extension.TimeoutExtension.intercept(TimeoutExtension.java:156)
	at org.junit.jupiter.engine.extension.TimeoutExtension.interceptTestableMethod(TimeoutExtension.java:147)
	at org.junit.jupiter.engine.extension.TimeoutExtension.interceptTestMethod(TimeoutExtension.java:86)
	at org.junit.jupiter.engine.execution.InterceptingExecutableInvoker$ReflectiveInterceptorCall.lambda$ofVoidMethod$0(InterceptingExecutableInvoker.java:103)
	at org.junit.jupiter.engine.execution.InterceptingExecutableInvoker.lambda$invoke$0(InterceptingExecutableInvoker.java:93)
	at org.junit.jupiter.engine.execution.InvocationInterceptorChain$InterceptedInvocation.proceed(InvocationInterceptorChain.java:106)
	at org.junit.jupiter.engine.execution.InvocationInterceptorChain.proceed(InvocationInterceptorChain.java:64)
	at org.junit.jupiter.engine.execution.InvocationInterceptorChain.chainAndInvoke(InvocationInterceptorChain.java:45)
	at org.junit.jupiter.engine.execution.InvocationInterceptorChain.invoke(InvocationInterceptorChain.java:37)
	at org.junit.jupiter.engine.execution.InterceptingExecutableInvoker.invoke(InterceptingExecutableInvoker.java:92)
	at org.junit.jupiter.engine.execution.InterceptingExecutableInvoker.invoke(InterceptingExecutableInvoker.java:86)
	at org.junit.jupiter.engine.descriptor.TestMethodTestDescriptor.lambda$invokeTestMethod$7(TestMethodTestDescriptor.java:217)
	at org.junit.platform.engine.support.hierarchical.ThrowableCollector.execute(ThrowableCollector.java:73)
	at org.junit.jupiter.engine.descriptor.TestMethodTestDescriptor.invokeTestMethod(TestMethodTestDescriptor.java:213)
	at org.junit.jupiter.engine.descriptor.TestMethodTestDescriptor.execute(TestMethodTestDescriptor.java:138)
	at org.junit.jupiter.engine.descriptor.TestMethodTestDescriptor.execute(TestMethodTestDescriptor.java:68)
	at org.junit.platform.engine.support.hierarchical.NodeTestTask.lambda$executeRecursively$6(NodeTestTask.java:151)
	at org.junit.platform.engine.support.hierarchical.ThrowableCollector.execute(ThrowableCollector.java:73)
	at org.junit.platform.engine.support.hierarchical.NodeTestTask.lambda$executeRecursively$8(NodeTestTask.java:141)
	at org.junit.platform.engine.support.hierarchical.Node.around(Node.java:137)
	at org.junit.platform.engine.support.hierarchical.NodeTestTask.lambda$executeRecursively$9(NodeTestTask.java:139)
	at org.junit.platform.engine.support.hierarchical.ThrowableCollector.execute(ThrowableCollector.java:73)
	at org.junit.platform.engine.support.hierarchical.NodeTestTask.executeRecursively(NodeTestTask.java:138)
	at org.junit.platform.engine.support.hierarchical.NodeTestTask.execute(NodeTestTask.java:95)
	at java.base/java.util.ArrayList.forEach(ArrayList.java:1511)
	at org.junit.platform.engine.support.hierarchical.SameThreadHierarchicalTestExecutorService.invokeAll(SameThreadHierarchicalTestExecutorService.java:41)
	at org.junit.platform.engine.support.hierarchical.NodeTestTask.lambda$executeRecursively$6(NodeTestTask.java:155)
	at org.junit.platform.engine.support.hierarchical.ThrowableCollector.execute(ThrowableCollector.java:73)
	at org.junit.platform.engine.support.hierarchical.NodeTestTask.lambda$executeRecursively$8(NodeTestTask.java:141)
	at org.junit.platform.engine.support.hierarchical.Node.around(Node.java:137)
	at org.junit.platform.engine.support.hierarchical.NodeTestTask.lambda$executeRecursively$9(NodeTestTask.java:139)
	at org.junit.platform.engine.support.hierarchical.ThrowableCollector.execute(ThrowableCollector.java:73)
	at org.junit.platform.engine.support.hierarchical.NodeTestTask.executeRecursively(NodeTestTask.java:138)
	at org.junit.platform.engine.support.hierarchical.NodeTestTask.execute(NodeTestTask.java:95)
	at java.base/java.util.ArrayList.forEach(ArrayList.java:1511)
	at org.junit.platform.engine.support.hierarchical.SameThreadHierarchicalTestExecutorService.invokeAll(SameThreadHierarchicalTestExecutorService.java:41)
	at org.junit.platform.engine.support.hierarchical.NodeTestTask.lambda$executeRecursively$6(NodeTestTask.java:155)
	at org.junit.platform.engine.support.hierarchical.ThrowableCollector.execute(ThrowableCollector.java:73)
	at org.junit.platform.engine.support.hierarchical.NodeTestTask.lambda$executeRecursively$8(NodeTestTask.java:141)
	at org.junit.platform.engine.support.hierarchical.Node.around(Node.java:137)
	at org.junit.platform.engine.support.hierarchical.NodeTestTask.lambda$executeRecursively$9(NodeTestTask.java:139)
	at org.junit.platform.engine.support.hierarchical.ThrowableCollector.execute(ThrowableCollector.java:73)
	at org.junit.platform.engine.support.hierarchical.NodeTestTask.executeRecursively(NodeTestTask.java:138)
	at org.junit.platform.engine.support.hierarchical.NodeTestTask.execute(NodeTestTask.java:95)
	at org.junit.platform.engine.support.hierarchical.SameThreadHierarchicalTestExecutorService.submit(SameThreadHierarchicalTestExecutorService.java:35)
	at org.junit.platform.engine.support.hierarchical.HierarchicalTestExecutor.execute(HierarchicalTestExecutor.java:57)
	at org.junit.platform.engine.support.hierarchical.HierarchicalTestEngine.execute(HierarchicalTestEngine.java:54)
	at org.junit.platform.launcher.core.EngineExecutionOrchestrator.execute(EngineExecutionOrchestrator.java:147)
	at org.junit.platform.launcher.core.EngineExecutionOrchestrator.execute(EngineExecutionOrchestrator.java:127)
	at org.junit.platform.launcher.core.EngineExecutionOrchestrator.execute(EngineExecutionOrchestrator.java:90)
	at org.junit.platform.launcher.core.EngineExecutionOrchestrator.lambda$execute$0(EngineExecutionOrchestrator.java:55)
	at org.junit.platform.launcher.core.EngineExecutionOrchestrator.withInterceptedStreams(EngineExecutionOrchestrator.java:102)
	at org.junit.platform.launcher.core.EngineExecutionOrchestrator.execute(EngineExecutionOrchestrator.java:54)
	at org.junit.platform.launcher.core.DefaultLauncher.execute(DefaultLauncher.java:114)
	at org.junit.platform.launcher.core.DefaultLauncher.execute(DefaultLauncher.java:86)
	at org.junit.platform.launcher.core.DefaultLauncherSession$DelegatingLauncher.execute(DefaultLauncherSession.java:86)
	at org.apache.maven.surefire.junitplatform.LazyLauncher.execute(LazyLauncher.java:55)
	at org.apache.maven.surefire.junitplatform.JUnitPlatformProvider.execute(JUnitPlatformProvider.java:223)
	at org.apache.maven.surefire.junitplatform.JUnitPlatformProvider.invokeAllTests(JUnitPlatformProvider.java:175)
	at org.apache.maven.surefire.junitplatform.JUnitPlatformProvider.invoke(JUnitPlatformProvider.java:139)
	at org.apache.maven.surefire.booter.ForkedBooter.runSuitesInProcess(ForkedBooter.java:456)
	at org.apache.maven.surefire.booter.ForkedBooter.execute(ForkedBooter.java:169)
	at org.apache.maven.surefire.booter.ForkedBooter.run(ForkedBooter.java:595)
	at org.apache.maven.surefire.booter.ForkedBooter.main(ForkedBooter.java:581)
</pre></div></div></td>
<td align="left"></td></tr>
<tr class="a">
<td align="left"><img src="images/icon_success_sml.gif" alt="" /></td>
<td align="left"><a id="TC_selenium.test.LoginTests.login_when_credentials_are_correct"></a>login_when_credentials_are_correct</td>
<td align="left">4,439</td></tr>
<tr class="b">
<td align="left"><img src="images/icon_success_sml.gif" alt="" /></td>
<td align="left"><a id="TC_selenium.test.LoginTests.displays_dashboard_buttons_when_registered_user_login"></a>displays_dashboard_buttons_when_registered_user_login</td>
<td align="left">4,281</td></tr>
<tr class="a">
<td align="left"><img src="images/icon_success_sml.gif" alt="" /></td>
<td align="left"><a id="TC_selenium.test.LoginTests.appear_no_such_user_message_when_not_registered_user_try_to_login"></a>appear_no_such_user_message_when_not_registered_user_try_to_login</td>
<td align="left">5,346</td></tr></table></section><section><a id="selenium.test.RegistrationTests"></a>
<h3><a name="RegistrationTests"></a>RegistrationTests</h3>
<table border="0" class="bodyTable">
<tr class="a">
<td align="left"><img src="images/icon_success_sml.gif" alt="" /></td>
<td align="left"><a id="TC_selenium.test.RegistrationTests.appear_email_required_message_when_email_not_given"></a>appear_email_required_message_when_email_not_given</td>
<td align="left">2,983</td></tr>
<tr class="b">
<td align="left"><img src="images/icon_success_sml.gif" alt="" /></td>
<td align="left"><a id="TC_selenium.test.RegistrationTests.appear_user_exist_message_when_registered_user_credentials_given"></a>appear_user_exist_message_when_registered_user_credentials_given</td>
<td align="left">4,053</td></tr>
<tr class="a">
<td align="left"><img src="images/icon_success_sml.gif" alt="" /></td>
<td align="left"><a id="TC_selenium.test.RegistrationTests.registration_success_when_new_user_data_given"></a>registration_success_when_new_user_data_given</td>
<td align="left">3,997</td></tr>
<tr class="b">
<td align="left"><img src="images/icon_success_sml.gif" alt="" /></td>
<td align="left"><a id="TC_selenium.test.RegistrationTests.appear_username_required_message_when_username_not_given"></a>appear_username_required_message_when_username_not_given</td>
<td align="left">3,388</td></tr></table></section><br /></section><section><a id="Failure_Details"></a>
<h2><a name="Failure_Details"></a>Failure Details</h2>
<p>[<a href="#Summary">Summary</a>] [<a href="#Package_List">Package List</a>] [<a href="#Test_Cases">Test Cases</a>]</p><br />
<table border="0" class="bodyTable">
<tr class="a">
<td align="left"><img src="images/icon_error_sml.gif" alt="" /></td>
<td align="left"><a id="selenium.test.LoginTests.appear_password_input_empty_message_when_only_username_given"></a>appear_password_input_empty_message_when_only_username_given</td></tr>
<tr class="b">
<td align="left"></td>
<td align="left">java.lang.IllegalArgumentException: Wrong method index</td></tr>
<tr class="a">
<td align="left"></td>
<td align="left">
<div id="appear_password_input_empty_message_when_only_username_given-error">selenium.test.LoginTests:63</div></td></tr></table><br /></section>
      </div>
    </div>
    <div class="clear">
      <hr/>
    </div>
    <div id="footer">
      <div class="xright">
        Copyright &#169;      2023..      </div>
      <div class="clear">
        <hr/>
      </div>
    </div>
  </body>
</html>
